==================================================================
= Multi Theft Auto: San Andreas v1.5.7
==================================================================
= Server name      : Map Editor Server
= Server IP address: auto
= Server port      : 22010
= 
= Log file         : ..rver/mods/deathmatch/logs/editor_server.log
= Maximum players  : 1
= HTTP port        : 22011
= Voice Chat       : Disabled
= Bandwidth saving : None
==================================================================
[2020-04-22 20:31:20] File 'settings.xml' not present, creating new node.
[2020-04-22 20:31:21] Resource 'acpanel' requests some acl rights. Use the command 'aclrequest list acpanel'
[2020-04-22 20:31:38] Resources: 192 loaded, 0 failed
[2020-04-22 20:31:39] Starting resources...
[2020-04-22 20:31:39] Server minclientversion is now 1.3.5
[2020-04-22 20:31:40] Server started and is ready to accept connections!
[2020-04-22 20:31:40] To stop the server, type 'shutdown' or press Ctrl-C
[2020-04-22 20:31:40] Type 'help' for a list of commands.
[2020-04-22 20:31:41] CONNECT: PenguinTrashed connected (IP: 127.0.0.1  Serial: CB8CA69F8B569DCCA80D1E4C959C46B3  Version: 1.5.7-9.20447.0)
[2020-04-22 20:31:47] JOIN: PenguinTrashed joined the game (IP: 127.0.0.1)
[2020-04-22 20:33:41] WARNING: editor_main\server\saveloadtest_server.lua:667: Using getElementPosition as bad element data for userdata: 00000023
[2020-04-22 20:34:41] WARNING: editor_main\server\saveloadtest_server.lua:667: Using getElementPosition as bad element data for userdata: 00000023
[2020-04-22 20:41:02] Starting freeroam
[2020-04-22 20:41:02] startResource: Resource 'freeroam' started
[2020-04-22 20:41:02] Resource 'editor_test' changed, reloading and starting
[2020-04-22 20:41:02] Starting editor_test
[2020-04-22 20:41:02] startResource: Resource 'editor_test' started
[2020-04-22 20:42:31] Stopping freeroam
[2020-04-22 20:42:31] Stopping editor_test
[2020-04-22 20:42:41] WARNING: editor_main\server\saveloadtest_server.lua:667: Using getElementPosition as bad element data for userdata: 0000002F
[2020-04-22 20:43:29] Starting freeroam
[2020-04-22 20:43:29] startResource: Resource 'freeroam' started
[2020-04-22 20:43:29] Resource 'editor_test' changed, reloading and starting
[2020-04-22 20:43:29] Starting editor_test
[2020-04-22 20:43:29] startResource: Resource 'editor_test' started
[2020-04-22 20:43:30] Stopping freeroam
[2020-04-22 20:43:30] Stopping editor_test
[2020-04-22 20:43:30] Starting freeroam
[2020-04-22 20:43:30] startResource: Resource 'freeroam' started
[2020-04-22 20:43:30] Starting editor_test
[2020-04-22 20:43:30] startResource: Resource 'editor_test' started
[2020-04-22 20:44:36] CHAT: PenguinTrashed: test
[2020-04-22 20:52:53] Stopping freeroam
[2020-04-22 20:52:53] Stopping editor_test
[2020-04-22 20:52:54] Starting freeroam
[2020-04-22 20:52:54] startResource: Resource 'freeroam' started
[2020-04-22 20:52:54] Starting editor_test
[2020-04-22 20:52:54] startResource: Resource 'editor_test' started
[2020-04-22 20:52:59] Stopping freeroam
[2020-04-22 20:52:59] Stopping editor_test
[2020-04-22 20:52:59] Starting freeroam
[2020-04-22 20:52:59] startResource: Resource 'freeroam' started
[2020-04-22 20:52:59] Starting editor_test
[2020-04-22 20:52:59] startResource: Resource 'editor_test' started
[2020-04-22 20:53:50] Stopping freeroam
[2020-04-22 20:53:50] Stopping editor_test
[2020-04-22 20:53:50] Starting freeroam
[2020-04-22 20:53:51] startResource: Resource 'freeroam' started
[2020-04-22 20:53:51] Starting editor_test
[2020-04-22 20:53:51] startResource: Resource 'editor_test' started
[2020-04-22 20:55:28] QUIT: PenguinTrashed left the game [Quit]
[2020-04-22 20:55:28] Server stopped!
[2020-04-22 20:55:28] Stopping resources...........
[2020-04-22 20:55:29] Closing SQLite3 database
==================================================================
= Multi Theft Auto: San Andreas v1.5.7
==================================================================
= Server name      : Map Editor Server
= Server IP address: auto
= Server port      : 22010
= 
= Log file         : ..rver/mods/deathmatch/logs/editor_server.log
= Maximum players  : 1
= HTTP port        : 22011
= Voice Chat       : Disabled
= Bandwidth saving : None
==================================================================
[2020-05-30 17:36:48] Resource 'acpanel' requests some acl rights. Use the command 'aclrequest list acpanel'
[2020-05-30 17:37:04] Resources: 195 loaded, 0 failed
[2020-05-30 17:37:04] Starting resources...
[2020-05-30 17:37:04] Server minclientversion is now 1.3.5
[2020-05-30 17:37:05] Server started and is ready to accept connections!
[2020-05-30 17:37:05] To stop the server, type 'shutdown' or press Ctrl-C
[2020-05-30 17:37:05] Type 'help' for a list of commands.
[2020-05-30 17:37:05] CONNECT: PenguinTrashed connected (IP: 127.0.0.1  Serial: CB8CA69F8B569DCCA80D1E4C959C46B3  Version: 1.5.7-9.20447.2)
[2020-05-30 17:37:09] JOIN: PenguinTrashed joined the game (IP: 127.0.0.1)
[2020-05-30 17:40:35] CHAT: PenguinTrashed: test
[2020-05-30 17:41:37] Starting deathmatch
[2020-05-30 17:41:37] startResource: Resource 'deathmatch' started
[2020-05-30 17:41:42] Starting freeroam
[2020-05-30 17:41:42] startResource: Resource 'freeroam' started
[2020-05-30 17:41:42] Stopping deathmatch
[2020-05-30 17:41:42] Starting deathmatch
[2020-05-30 17:41:42] Starting killmessages
[2020-05-30 17:41:42] Starting playercolors
[2020-05-30 17:41:42] Starting deathpickups
[2020-05-30 17:41:42] Starting spawnmanager
[2020-05-30 17:41:42] Starting missiontimer
[2020-05-30 17:41:42] Starting scoreboard
[2020-05-30 17:41:42] Gamemode 'deathmatch' started.
[2020-05-30 17:41:42] startResource: Resource 'deathmatch' started
[2020-05-30 17:41:42] Resource 'editor_test' changed, reloading and starting
[2020-05-30 17:41:42] Starting editor_test
[2020-05-30 17:41:42] WARNING: deathmatch\spawn.lua:57: Bad argument @ 'getElementData' [Expected element at argument 1, got nil]
[2020-05-30 17:41:42] WARNING: deathmatch\spawn.lua:57: Bad argument @ 'getElementData' [Expected element at argument 1, got nil]  [DUP x2]
[2020-05-30 17:41:42] WARNING: deathmatch\spawn.lua:59: Bad argument @ 'setCameraMatrix' [Expected number, got NaN]
[2020-05-30 17:41:42] Map 'editor_test' started.
[2020-05-30 17:41:42] startResource: Resource 'editor_test' started
[2020-05-30 17:41:48] ERROR: spawnmanager\spawn.lua:148: bad argument #2 to 'random' (interval is empty)
[2020-05-30 17:41:48] ERROR: deathmatch\spawn.lua:73: call: failed to call 'spawnmanager:spawnPlayerAtSpawnpoint' [string "?"]
[2020-05-30 17:41:48] WARNING: missiontimer\missiontimer_server.lua:29: <min_mta_version> section in the meta.xml is incorrect or missing (expected at least server 1.3.0-9.04570 because a send list is being used)
[2020-05-30 17:42:40] QUIT: PenguinTrashed left the game [Quit]
[2020-05-30 17:42:41] Server stopped!
[2020-05-30 17:42:41] Stopping resources............
[2020-05-30 17:42:41] Closing SQLite3 database
