==================================================================
= Multi Theft Auto: San Andreas v1.5.7
==================================================================
= Server name      : Default MTA Server
= Server IP address: auto
= Server port      : 22010
= 
= Log file         : ..erver/mods/deathmatch/logs/local_server.log
= Maximum players  : 32
= HTTP port        : 22011
= Voice Chat       : Disabled
= Bandwidth saving : Medium
==================================================================
[2020-06-09 15:28:09] Resource 'mapmanager' requests some acl rights. Use the command 'aclrequest list mapmanager'
[2020-06-09 15:28:14] Resources: 195 loaded, 0 failed
[2020-06-09 15:28:14] Starting resources...
[2020-06-09 15:28:15] Admin access list successfully updated 
[2020-06-09 15:28:15] INFO: Admin added 507 missing rights
[2020-06-09 15:28:15] Server minclientversion is now 1.3.0-9.04311
[2020-06-09 15:28:15] Server minclientversion is now 1.5.6-9.16362
[2020-06-09 15:28:15] Gamemode 'play' started.
[2020-06-09 15:28:15] Server started and is ready to accept connections!
[2020-06-09 15:28:15] To stop the server, type 'shutdown' or press Ctrl-C
[2020-06-09 15:28:15] Type 'help' for a list of commands.
[2020-06-09 15:28:16] CONNECT: PenguinTrashed connected (IP: 127.0.0.1  Serial: CB8CA69F8B569DCCA80D1E4C959C46B3  Version: 1.5.7-9.20528.0)
[2020-06-09 15:28:19] JOIN: PenguinTrashed joined the game (IP: 127.0.0.1)
[2020-06-09 15:52:49] QUIT: PenguinTrashed left the game [Quit]
[2020-06-09 15:52:49] Server stopped!
[2020-06-09 15:52:49] Stopping resources......................
[2020-06-09 15:52:50] Closing SQLite3 database
